app/build/intermediates/manifest_merge_blame_file/release/manifest-merger-blame-release-report.txt
1<?xml version="1.0" encoding="utf-8"?>
2<manifest xmlns:android="http://schemas.android.com/apk/res/android"
3    package="com.laert.rootchecker"
4    android:versionCode="7"
5    android:versionName="3.1" >
6
7    <uses-sdk
7-->src\main\AndroidManifest.xml:6:5-8:41
8        android:minSdkVersion="21"
8-->src\main\AndroidManifest.xml:7:9-35
9        android:targetSdkVersion="34" />
9-->src\main\AndroidManifest.xml:8:9-38
10
11    <application
11-->src\main\AndroidManifest.xml:9:5-24:19
12        android:allowBackup="false"
12-->src\main\AndroidManifest.xml:13:9-36
13        android:extractNativeLibs="true"
14        android:icon="@mipmap/ic_launcher"
14-->src\main\AndroidManifest.xml:11:9-43
15        android:label="Advanced Root Checker"
15-->src\main\AndroidManifest.xml:10:9-46
16        android:roundIcon="@mipmap/ic_launcher"
16-->src\main\AndroidManifest.xml:12:9-48
17        android:supportsRtl="true" >
17-->src\main\AndroidManifest.xml:14:9-35
18        <activity
18-->src\main\AndroidManifest.xml:15:9-23:20
19            android:name="com.laert.rootchecker.RootCheckerActivity"
19-->src\main\AndroidManifest.xml:16:13-48
20            android:exported="true"
20-->src\main\AndroidManifest.xml:17:13-36
21            android:windowSoftInputMode="stateHidden" >
21-->src\main\AndroidManifest.xml:18:13-54
22            <intent-filter>
22-->src\main\AndroidManifest.xml:19:13-22:29
23                <action android:name="android.intent.action.MAIN" />
23-->src\main\AndroidManifest.xml:20:17-69
23-->src\main\AndroidManifest.xml:20:25-66
24
25                <category android:name="android.intent.category.LAUNCHER" />
25-->src\main\AndroidManifest.xml:21:17-77
25-->src\main\AndroidManifest.xml:21:27-74
26            </intent-filter>
27        </activity>
28    </application>
29
30</manifest>